[2023-06-14 17:11:18] [ ERROR] [HandlerException:50] [Ljava.lang.StackTraceElement;@4e8e04c2
[2023-06-14 17:24:06] [ ERROR] [HandlerException:50] The patient already exists
[2023-06-14 17:33:58] [ ERROR] [HandlerException:50] The patient already exists
[2023-06-14 17:40:50] [ ERROR] [HandlerException:50] The patient already exists
[2023-06-14 17:51:48] [ ERROR] [HandlerException:50] The patient already exists
[2023-06-14 18:32:56] [ ERROR] [HandlerException:45] The patient does not exists
[2023-06-14 22:53:57] [ ERROR] [HandlerException:45] The patient does not exists
[2023-06-15 02:50:15] [ ERROR] [HandlerException:35] The dentist does not exists
[2023-06-15 02:51:00] [ ERROR] [HandlerException:40] The dentist already exists
[2023-06-15 03:12:05] [ ERROR] [HandlerException:35] The dentist does not exists
[2023-06-15 11:59:21] [ ERROR] [HandlerException:35] The dentist does not exists
[2023-06-15 18:03:51] [ ERROR] [HandlerException:25] The appointment does not exists
[2023-06-15 18:07:46] [ ERROR] [HandlerException:25] The appointment does not exists
[2023-06-15 19:18:38] [ ERROR] [HandlerException:43] The dentist already exists
[2023-06-15 23:12:19] [ ERROR] [HandlerException:48] The patient does not exists
[2023-06-15 23:12:55] [ ERROR] [HandlerException:38] The dentist does not exists
[2023-06-15 23:13:11] [ ERROR] [HandlerException:33] There is already an appointment with that patient and dentist
[2023-06-15 23:52:27] [ ERROR] [HandlerException:48] The patient does not exists
[2023-06-15 23:52:39] [ ERROR] [HandlerException:38] The dentist does not exists
[2023-06-15 23:57:11] [ ERROR] [HandlerException:28] There is no appointment registered with that patient and dentist
[2023-06-18 02:43:51] [ ERROR] [HandlerException:33] There is already an appointment with that patient and dentist
[2023-06-19 02:20:59] [ ERROR] [HandlerException:33] There is already an appointment with that patient and dentist
[2023-06-19 02:21:15] [ ERROR] [HandlerException:48] The patient does not exists
[2023-06-19 02:21:22] [ ERROR] [HandlerException:38] The dentist does not exists
[2023-06-19 14:29:55] [ ERROR] [HandlerException:48] The patient does not exists
[2023-06-19 14:30:07] [ ERROR] [HandlerException:38] The dentist does not exists
[2023-06-19 14:31:33] [ ERROR] [HandlerException:28] There is no appointment registered with that patient and dentist
[2023-06-22 13:59:52] [ ERROR] [HandlerException:43] The dentist already exists
[2023-06-22 14:18:33] [ ERROR] [HandlerException:53] The patient already exists
[2023-06-22 15:45:06] [ ERROR] [HandlerException:33] There is already an appointment with that patient and dentist
[2023-06-22 15:47:09] [ ERROR] [HandlerException:33] There is already an appointment with that patient and dentist
[2023-06-22 16:00:36] [ ERROR] [HandlerException:33] There is already an appointment with that patient and dentist
[2023-06-22 16:03:36] [ ERROR] [HandlerException:33] There is already an appointment with that patient and dentist
[2023-06-22 16:08:44] [ ERROR] [HandlerException:33] There is already an appointment with that patient and dentist
[2023-06-22 16:09:46] [ ERROR] [HandlerException:33] There is already an appointment with that patient and dentist
[2023-06-22 16:09:59] [ ERROR] [HandlerException:48] The patient does not exists
[2023-06-22 16:11:03] [ ERROR] [HandlerException:33] There is already an appointment with that patient and dentist
[2023-06-22 16:11:11] [ ERROR] [HandlerException:33] There is already an appointment with that patient and dentist
[2023-06-22 16:11:18] [ ERROR] [HandlerException:48] The patient does not exists
[2023-06-22 16:11:25] [ ERROR] [HandlerException:48] The patient does not exists
[2023-06-22 16:18:32] [ ERROR] [HandlerException:48] The patient does not exists
[2023-06-22 16:20:41] [ ERROR] [HandlerException:48] The patient does not exists
[2023-06-22 16:20:55] [ ERROR] [HandlerException:38] The dentist does not exists
[2023-06-22 16:31:55] [ ERROR] [HandlerException:28] There is no appointment registered with that id
[2023-06-22 16:32:14] [ ERROR] [HandlerException:48] The patient does not exists
[2023-06-22 16:32:30] [ ERROR] [HandlerException:38] The dentist does not exists
[2023-06-22 16:32:44] [ ERROR] [HandlerException:48] The patient does not exists
[2023-06-22 16:39:34] [ ERROR] [HandlerException:33] There is already an appointment with that patient and dentist
[2023-06-22 16:39:59] [ ERROR] [HandlerException:48] The patient does not exists
[2023-06-22 16:40:15] [ ERROR] [HandlerException:38] The dentist does not exists
[2023-06-22 17:02:28] [ ERROR] [HandlerException:28] The appointment does not exists
[2023-06-22 17:02:59] [ ERROR] [HandlerException:28] The appointment does not exists
[2023-06-22 17:35:32] [ ERROR] [HandlerException:38] The dentist does not exists
[2023-06-22 17:35:49] [ ERROR] [HandlerException:48] The patient does not exists
[2023-06-22 17:36:16] [ ERROR] [HandlerException:33] There is already an appointment with that patient and dentist
[2023-06-22 17:36:53] [ ERROR] [HandlerException:28] The appointment does not exists
[2023-06-22 17:37:18] [ ERROR] [HandlerException:28] The appointment does not exists
[2023-06-22 17:38:23] [ ERROR] [HandlerException:33] There is already an appointment with that patient and dentist
[2023-06-22 17:50:59] [ ERROR] [HandlerException:28] There is no appointment registered with that id
[2023-06-22 17:51:34] [ ERROR] [HandlerException:48] The patient does not exists
[2023-06-22 17:51:47] [ ERROR] [HandlerException:38] The dentist does not exists
[2023-06-22 17:53:03] [ ERROR] [HandlerException:28] The appointment does not exists
[2023-06-22 17:53:09] [ ERROR] [HandlerException:28] The appointment does not exists
[2023-06-22 19:14:44] [ ERROR] [HandlerException:38] The dentist does not exists
[2023-06-22 19:15:26] [ ERROR] [HandlerException:48] The patient does not exists
[2023-06-22 19:15:47] [ ERROR] [HandlerException:33] There is already an appointment with that patient and dentist
[2023-06-22 19:17:22] [ ERROR] [HandlerException:28] There is no appointment registered with that id
[2023-06-22 19:17:43] [ ERROR] [HandlerException:48] The patient does not exists
[2023-06-22 19:17:59] [ ERROR] [HandlerException:38] The dentist does not exists
[2023-06-22 19:18:50] [ ERROR] [HandlerException:28] The appointment does not exists
[2023-06-22 19:19:00] [ ERROR] [HandlerException:28] The appointment does not exists
[2023-06-22 23:25:17] [ ERROR] [HandlerException:43] The dentist already exists
[2023-06-22 23:26:23] [ ERROR] [HandlerException:38] The dentist does not exists
[2023-06-22 23:27:59] [ ERROR] [HandlerException:38] The dentist does not exists
[2023-06-22 23:28:09] [ ERROR] [HandlerException:38] The dentist does not exists
[2023-06-23 01:19:20] [ ERROR] [HandlerException:53] The patient already exists
[2023-06-23 01:21:12] [ ERROR] [HandlerException:48] The patient does not exists
[2023-06-23 01:21:43] [ ERROR] [HandlerException:48] The patient does not exists
[2023-06-23 01:27:24] [ ERROR] [HandlerException:38] The dentist does not exists
[2023-06-23 01:30:20] [ ERROR] [HandlerException:48] The patient does not exists
[2023-06-23 01:39:21] [ ERROR] [HandlerException:48] The patient does not exists
[2023-06-23 01:42:54] [ ERROR] [HandlerException:48] The patient does not exists
[2023-06-23 01:43:41] [ ERROR] [HandlerException:48] The patient does not exists
[2023-06-23 01:50:44] [ ERROR] [HandlerException:48] The patient does not exists
[2023-06-23 01:51:53] [ ERROR] [HandlerException:48] The patient does not exists
[2023-06-23 01:57:41] [ ERROR] [HandlerException:38] The dentist does not exists
[2023-06-23 01:58:09] [ ERROR] [HandlerException:38] The dentist does not exists
[2023-06-23 01:58:17] [ ERROR] [HandlerException:38] The dentist does not exists
[2023-06-23 01:59:16] [ ERROR] [HandlerException:28] The appointment does not exists
[2023-06-23 01:59:21] [ ERROR] [HandlerException:28] The appointment does not exists
[2023-06-23 01:59:24] [ ERROR] [HandlerException:28] The appointment does not exists
[2023-06-23 02:02:12] [ ERROR] [HandlerException:28] The appointment does not exists
[2023-06-23 02:02:20] [ ERROR] [HandlerException:28] The appointment does not exists
[2023-06-23 02:02:25] [ ERROR] [HandlerException:28] The appointment does not exists
[2023-06-23 02:02:58] [ ERROR] [HandlerException:48] The patient does not exists
[2023-06-23 02:03:02] [ ERROR] [HandlerException:48] The patient does not exists
[2023-06-23 02:03:06] [ ERROR] [HandlerException:48] The patient does not exists
[2023-06-23 02:03:26] [ ERROR] [HandlerException:38] The dentist does not exists
[2023-06-23 02:03:32] [ ERROR] [HandlerException:38] The dentist does not exists
[2023-06-23 02:03:36] [ ERROR] [HandlerException:38] The dentist does not exists
[2023-06-23 22:57:01] [ ERROR] [HandlerException:33] There is already an appointment with that patient and dentist
[2023-06-23 22:57:50] [ ERROR] [HandlerException:33] There is already an appointment with that patient and dentist
